2022-07-16 18:26:06 :Backend : error : 현걸아 차근차근 하자!
2022-07-16 18:27:06 :Backend : error : 현걸아 차근차근 하자!
2022-07-16 18:27:06 :Backend : error : 현걸아 차근차근 하자!
2022-07-16 18:27:06 :Backend : error : 현걸아 차근차근 하자!
2022-07-16 18:27:06 :Backend : error : 현걸아 차근차근 하자!
2022-07-16 18:29:06 :Backend : error : 현걸아 차근차근 하자!
2022-07-16 18:29:06 :Backend : error : 현걸아 차근차근 하자!
2022-07-16 18:29:06 :Backend : error : 현걸아 차근차근 하자!
2022-07-16 18:29:06 :Backend : error : 현걸아 차근차근 하자!
2022-07-16 18:29:06 :Backend : error : 현걸아 차근차근 하자!
2022-07-16 18:29:06 :Backend : error : 현걸아 차근차근 하자!
2022-07-16 18:29:06 :Backend : error : 현걸아 차근차근 하자!
2022-07-16 18:29:06 :Backend : error : 현걸아 차근차근 하자!
2022-07-16 18:29:06 :Backend : error : 현걸아 차근차근 하자!
2022-07-16 18:29:06 :Backend : error : 현걸아 차근차근 하자!
2022-07-16 18:30:06 :Backend : error : 현걸아 차근차근 하자!
2022-07-16 18:30:06 :Backend : error : 현걸아 차근차근 하자!
2022-07-16 18:30:06 :Backend : error : 현걸아 차근차근 하자!
2022-07-16 18:30:06 :Backend : error : 현걸아 차근차근 하자!
2022-07-16 18:30:06 :Backend : error : 현걸아 차근차근 하자!
2022-07-16 18:31:06 :Backend : error : 현걸아 차근차근 하자!
2022-07-16 18:31:06 :Backend : error : 현걸아 차근차근 하자!
2022-07-16 18:32:06 :Backend : error : 현걸아 차근차근 하자!
2022-07-16 18:32:06 :Backend : error : 현걸아 차근차근 하자!
2022-07-16 18:32:06 :Backend : error : 현걸아 차근차근 하자!
2022-07-16 18:32:06 :Backend : error : 현걸아 차근차근 하자!
2022-07-16 18:32:06 :Backend : error : 현걸아 차근차근 하자!
2022-07-16 18:32:06 :Backend : error : 현걸아 차근차근 하자!
2022-07-16 18:32:06 :Backend : error : 현걸아 차근차근 하자!
2022-07-16 18:32:06 :Backend : error : 현걸아 차근차근 하자!
2022-07-16 18:33:06 :Backend : error : 현걸아 차근차근 하자!
2022-07-16 18:33:06 :Backend : error : 현걸아 차근차근 하자!
2022-07-16 18:33:06 :Backend : error : 현걸아 차근차근 하자!
2022-07-16 18:33:06 :Backend : error : 현걸아 차근차근 하자!
2022-07-16 18:33:06 :Backend : error : 현걸아 차근차근 하자!
2022-07-16 18:33:06 :Backend : error : 현걸아 차근차근 하자!
2022-07-16 18:33:06 :Backend : error : 현걸아 차근차근 하자!
2022-07-16 18:34:06 :Backend : error : 현걸아 차근차근 하자!
2022-07-16 18:34:06 :Backend : error : 현걸아 차근차근 하자!
2022-07-16 18:36:06 :Backend : error : 현걸아 차근차근 하자!
2022-07-16 18:36:06 :Backend : error : 현걸아 차근차근 하자!
2022-07-16 18:37:06 :Backend : error : 현걸아 차근차근 하자!
2022-07-16 18:38:06 :Backend : error : 현걸아 차근차근 하자!
2022-07-16 18:38:06 :Backend : error : 현걸아 차근차근 하자!
2022-07-16 18:38:06 :Backend : error : 현걸아 차근차근 하자!
2022-07-16 18:39:06 :Backend : error : 현걸아 차근차근 하자!
2022-07-16 18:39:06 :Backend : error : 현걸아 차근차근 하자!
2022-07-16 18:40:06 :Backend : error : 현걸아 차근차근 하자!
2022-07-16 18:40:06 :Backend : error : 현걸아 차근차근 하자!
2022-07-16 18:40:06 :Backend : error : 현걸아 차근차근 하자!
2022-07-16 18:40:06 :Backend : error : 현걸아 차근차근 하자!
2022-07-16 18:40:06 :Backend : error : 현걸아 차근차근 하자!
2022-07-16 18:40:06 :Backend : info : 
2022-07-16 18:40:06 :Backend : error : 현걸아 차근차근 하자!
2022-07-16 18:40:06 :Backend : info : server 
2022-07-16 18:40:06 :Backend : error : 현걸아 차근차근 하자!
2022-07-16 18:40:06 :Backend : info : server is 
2022-07-16 18:40:06 :Backend : error : 현걸아 차근차근 하자!
2022-07-16 18:40:06 :Backend : info : server is open
2022-07-16 18:40:06 :Backend : error : 현걸아 차근차근 하자!
2022-07-16 18:40:06 :Backend : info : server is open
2022-07-16 18:40:06 :Backend : error : 현걸아 차근차근 하자!
2022-07-16 18:40:06 :Backend : info : server is open
2022-07-16 18:41:06 :Backend : error : 현걸아 차근차근 하자!
2022-07-16 18:41:06 :Backend : info : server is open
2022-07-16 18:41:06 :Backend : error : 현걸아 차근차근 하자!
2022-07-16 18:41:06 :Backend : info : server is open
2022-07-16 18:41:06 :Backend : error : 현걸아 차근차근 하자!
2022-07-16 18:41:06 :Backend : info : server is open
2022-07-16 18:41:06 :Backend : error : 현걸아 차근차근 하자!
2022-07-16 18:41:06 :Backend : info : server is open
2022-07-16 18:42:06 :Backend : error : 현걸아 차근차근 하자!
2022-07-16 18:42:06 :Backend : info : server is open
2022-07-16 18:42:06 :Backend : error : 현걸아 차근차근 하자!
2022-07-16 18:42:06 :Backend : info : 8080번 포트에서 server is open
2022-07-16 18:42:06 :Backend : error : 현걸아 차근차근 하자!
2022-07-16 18:42:06 :Backend : info : 8080번 포트에서 server is open
2022-07-16 18:42:06 :Backend : error : 현걸아 차근차근 하자!
2022-07-16 18:42:06 :Backend : info : 8080번 포트에서 server is open
2022-07-16 18:42:06 :Backend : error : 현걸아 차근차근 하자!
2022-07-16 18:42:06 :Backend : info : 8080번 포트에서 server is open
2022-07-16 18:43:06 :Backend : error : 현걸아 차근차근 하자!
2022-07-16 18:43:06 :Backend : info : 8080번 포트에서 server is open
2022-07-16 18:43:06 :Backend : error : 현걸아 차근차근 하자!
2022-07-16 18:43:06 :Backend : info : 8080번 포트에서 server is open
2022-07-16 18:43:06 :Backend : info : 8080번 포트에서 server is open
2022-07-16 18:43:06 :Backend : info : 8080번 포트에서 server is open
2022-07-16 18:45:06 :Backend : info : 8080번 포트에서 server is open
2022-07-16 18:45:06 :Backend : info : 8080번 포트에서 server is open
2022-07-16 18:45:06 :Backend : info : 8080번 포트에서 server is open
2022-07-16 18:45:06 :Backend : info : 8080번 포트에서 server is open
2022-07-16 18:45:06 :Backend : info : 8080번 포트에서 server is open
2022-07-16 18:45:06 :Backend : info : 8080번 포트에서 server is open
2022-07-16 18:47:06 :Backend : info : 8080번 포트에서 server is open
2022-07-16 18:47:06 :Backend : info : 8080번 포트에서 server is open
2022-07-16 18:47:06 :Backend : info : 8080번 포트에서 server is open
2022-07-16 18:49:06 :Backend : info : 8080번 포트에서 server is open
2022-07-16 18:49:06 :Backend : info : 8080번 포트에서 server is open
2022-07-16 18:50:06 :Backend : info : 8080번 포트에서 server is open
